<?xml version="1.0" encoding="UTF-8"?>
<project xmlns:xsi="http://www.w3.org/2001/XMLSchema-instance" xmlns="http://maven.apache.org/POM/4.0.0"
         xsi:schemaLocation="http://maven.apache.org/POM/4.0.0 http://maven.apache.org/maven-v4_0_0.xsd">
  <modelVersion>4.0.0</modelVersion>
  <artifactId>courtanet</artifactId>
  <packaging>pom</packaging>
  <name>Courtanet</name>
  <properties>
    <!-- Version de lesfurets.com -->
    <lesfurets.version>5.14.9</lesfurets.version>
    <!-- Version de lesfurets.com -->
  </properties>
</project>
